<?xml version="1.0" encoding="UTF-8"?>
<!-- Generated by org.testng.reporters.JUnitXMLReporter -->
<testsuite ignored="6" hostname="MachineLearner" failures="0" tests="3" name="Test" time="0.073" errors="0" timestamp="2025-12-21T14:54:17 IST">
  <testcase classname="testMethods.MethodSet07" name="S48_1" time="0.009"/>
  <testcase classname="testMethods.MethodSet07" name="S48_2" time="0.002"/>
  <testcase classname="testMethods.MethodSet07" name="S48_3" time="0.002"/>
  <testcase classname="testMethods.MethodSet08" name="S48_3" time="0.0">
    <ignored/>
  </testcase> <!-- S48_3 -->
  <testcase classname="testMethods.MethodSet06" name="S48_2" time="0.0">
    <ignored/>
  </testcase> <!-- S48_2 -->
  <testcase classname="testMethods.MethodSet06" name="S48_3" time="0.0">
    <ignored/>
  </testcase> <!-- S48_3 -->
  <testcase classname="testMethods.MethodSet08" name="S48_2" time="0.0">
    <ignored/>
  </testcase> <!-- S48_2 -->
  <testcase classname="testMethods.MethodSet08" name="S48_1" time="0.0">
    <ignored/>
  </testcase> <!-- S48_1 -->
  <testcase classname="testMethods.MethodSet06" name="S48_1" time="0.0">
    <ignored/>
  </testcase> <!-- S48_1 -->
</testsuite> <!-- Test -->
