<?xml version="1.0" encoding="UTF-8"?>
<!-- Generated by org.testng.reporters.JUnitXMLReporter -->
<testsuite ignored="0" hostname="MachineLearner" failures="0" tests="3" name="Test" time="0.097" errors="0" timestamp="2025-12-22T21:33:29 IST">
  <testcase classname="testMethods.MethodSet01" name="demo2" time="0.006"/>
  <testcase classname="testMethods.MethodSet01" name="demo3" time="0.004"/>
  <testcase classname="testMethods.MethodSet01" name="hello2" time="0.004"/>
</testsuite> <!-- Test -->
