<?xml version="1.0" encoding="UTF-8"?>
<!-- Generated by org.testng.reporters.JUnitReportReporter -->
<testsuite hostname="MachineLearner" failures="0" tests="3" name="testMethods.MethodSet01" time="0.010" errors="0" timestamp="2025-12-21T14:53:22 IST" skipped="0">
  <testcase classname="testMethods.MethodSet01" name="demo2" time="0.005"/>
  <testcase classname="testMethods.MethodSet01" name="demo3" time="0.003"/>
  <testcase classname="testMethods.MethodSet01" name="hello2" time="0.002"/>
</testsuite> <!-- testMethods.MethodSet01 -->
