<?xml version="1.0" encoding="UTF-8"?>
<!-- Generated by org.testng.reporters.JUnitReportReporter -->
<testsuite hostname="MachineLearner" failures="0" tests="3" name="testMethods.MethodSet01" time="0.014" errors="0" timestamp="2025-12-22T21:33:29 IST" skipped="0">
  <testcase classname="testMethods.MethodSet01" name="demo2" time="0.006"/>
  <testcase classname="testMethods.MethodSet01" name="demo3" time="0.004"/>
  <testcase classname="testMethods.MethodSet01" name="hello2" time="0.004"/>
</testsuite> <!-- testMethods.MethodSet01 -->
