<?xml version="1.0" encoding="UTF-8"?>
<!-- Generated by org.testng.reporters.JUnitReportReporter -->
<testsuite hostname="MachineLearner" failures="0" tests="5" name="testSet.LoginDataDrivenTest" time="25.148" errors="0" timestamp="2025-12-21T10:11:49 IST" skipped="0">
  <testcase classname="testSet.LoginDataDrivenTest" name="verify_login_DDT" time="1.385"/>
  <testcase classname="testSet.LoginDataDrivenTest" name="verify_login_DDT" time="6.327"/>
  <testcase classname="testSet.LoginDataDrivenTest" name="verify_login_DDT" time="6.227"/>
  <testcase classname="testSet.LoginDataDrivenTest" name="verify_login_DDT" time="5.795"/>
  <testcase classname="testSet.LoginDataDrivenTest" name="verify_login_DDT" time="5.414"/>
</testsuite> <!-- testSet.LoginDataDrivenTest -->
