<?xml version="1.0" encoding="UTF-8"?>
<!-- Generated by org.testng.reporters.JUnitReportReporter -->
<testsuite hostname="MachineLearner" failures="0" tests="5" name="testSet.LoginDataDrivenTest7" time="40.155" errors="0" timestamp="2025-12-21T12:33:49 IST" skipped="0">
  <testcase classname="testSet.LoginDataDrivenTest7" name="verify_login_DDT" time="7.560"/>
  <testcase classname="testSet.LoginDataDrivenTest7" name="verify_login_DDT" time="8.327"/>
  <testcase classname="testSet.LoginDataDrivenTest7" name="verify_login_DDT" time="12.129"/>
  <testcase classname="testSet.LoginDataDrivenTest7" name="verify_login_DDT" time="8.189"/>
  <testcase classname="testSet.LoginDataDrivenTest7" name="verify_login_DDT" time="3.950"/>
</testsuite> <!-- testSet.LoginDataDrivenTest7 -->
