<?xml version="1.0" encoding="UTF-8"?>
<!-- Generated by org.testng.reporters.JUnitReportReporter -->
<testsuite hostname="MachineLearner" failures="0" tests="3" name="testMethods.MethodSet07" time="0.013" errors="0" timestamp="2025-12-21T14:54:17 IST" skipped="0">
  <testcase classname="testMethods.MethodSet07" name="S48_2" time="0.002"/>
  <testcase classname="testMethods.MethodSet07" name="S48_3" time="0.002"/>
  <testcase classname="testMethods.MethodSet07" name="S48_1" time="0.009"/>
</testsuite> <!-- testMethods.MethodSet07 -->
