<?xml version="1.0" encoding="UTF-8"?>
<!-- Generated by org.testng.reporters.JUnitReportReporter -->
<testsuite hostname="MachineLearner" failures="0" tests="2" name="pom.withoutPageFactory.LoginTest" time="1.581" errors="0" timestamp="2025-12-20T05:47:48 IST" skipped="0">
  <testcase classname="pom.withoutPageFactory.LoginTest" name="getLinkCount" time="0.042"/>
  <testcase classname="pom.withoutPageFactory.LoginTest" name="doLogin" time="1.539"/>
</testsuite> <!-- pom.withoutPageFactory.LoginTest -->
