<?xml version="1.0" encoding="UTF-8"?>
<!-- Generated by org.testng.reporters.JUnitXMLReporter -->
<testsuite ignored="0" hostname="MachineLearner" failures="0" tests="5" name="Default test" time="27.855" errors="0" timestamp="2025-12-21T10:11:49 IST">
  <testcase classname="testSet.LoginDataDrivenTest" name="verify_login_DDT" time="6.327"/>
  <testcase classname="testSet.LoginDataDrivenTest" name="verify_login_DDT" time="5.414"/>
  <testcase classname="testSet.LoginDataDrivenTest" name="verify_login_DDT" time="6.227"/>
  <testcase classname="testSet.LoginDataDrivenTest" name="verify_login_DDT" time="5.795"/>
  <testcase classname="testSet.LoginDataDrivenTest" name="verify_login_DDT" time="1.385"/>
</testsuite> <!-- Default test -->
