<?xml version="1.0" encoding="UTF-8"?>
<!-- Generated by org.testng.reporters.JUnitXMLReporter -->
<testsuite ignored="0" hostname="MachineLearner" failures="1" tests="2" name="Regression Suite" time="9.291" errors="0" timestamp="2025-12-21T13:08:23 IST">
  <testcase classname="testSet.RegistrationTest7" name="verify_registration" time="2.819">
    <failure type="java.lang.AssertionError" message="null">
      <![CDATA[java.lang.AssertionError: null
at testSet.RegistrationTest7.verify_registration(RegistrationTest7.java:50)
at java.base/java.util.ArrayList.forEach(ArrayList.java:1511)
... Removed 29 stack frames]]>
    </failure>
  </testcase> <!-- verify_registration -->
  <testcase classname="testSet.LoginTest7" name="verifyLogin" time="1.995"/>
</testsuite> <!-- Regression Suite -->
