<?xml version="1.0" encoding="UTF-8"?>
<testng-results ignored="0" total="2" passed="1" failed="1" skipped="0">
  <reporter-output>
  </reporter-output>
  <suite started-at="2025-12-21T13:08:14 IST" name="Data Driven Test" finished-at="2025-12-21T13:08:23 IST" duration-ms="9291">
    <groups>
      <group name="Sanity">
        <method signature="RegistrationTest7.verify_registration()[pri:0, instance:testSet.RegistrationTest7@67304a40]" name="verify_registration" class="testSet.RegistrationTest7"/>
      </group> <!-- Sanity -->
      <group name="Regression">
        <method signature="LoginTest7.verifyLogin()[pri:0, instance:testSet.LoginTest7@5d9b7a8a]" name="verifyLogin" class="testSet.LoginTest7"/>
        <method signature="RegistrationTest7.verify_registration()[pri:0, instance:testSet.RegistrationTest7@67304a40]" name="verify_registration" class="testSet.RegistrationTest7"/>
      </group> <!-- Regression -->
      <group name="Smoke">
        <method signature="RegistrationTest7.verify_registration()[pri:0, instance:testSet.RegistrationTest7@67304a40]" name="verify_registration" class="testSet.RegistrationTest7"/>
      </group> <!-- Smoke -->
    </groups>
    <test started-at="2025-12-21T13:08:14 IST" name="Regression Suite" finished-at="2025-12-21T13:08:23 IST" duration-ms="9291">
      <class name="testSet.RegistrationTest7">
        <test-method is-config="true" signature="setup()[pri:0, instance:testSet.RegistrationTest7@67304a40]" started-at="2025-12-21T13:08:14 IST" name="setup" finished-at="2025-12-21T13:08:16 IST" duration-ms="2229" status="PASS">
          <reporter-output>
          </reporter-output>
        </test-method> <!-- setup -->
        <test-method signature="verify_registration()[pri:0, instance:testSet.RegistrationTest7@67304a40]" started-at="2025-12-21T13:08:16 IST" name="verify_registration" finished-at="2025-12-21T13:08:19 IST" duration-ms="2819" status="FAIL">
          <exception class="java.lang.AssertionError">
            <message>
              <![CDATA[null]]>
            </message>
            <full-stacktrace>
              <![CDATA[java.lang.AssertionError: null
at org.testng.Assert.fail(Assert.java:111)
at org.testng.Assert.fail(Assert.java:116)
at testSet.RegistrationTest7.verify_registration(RegistrationTest7.java:50)
at java.base/jdk.internal.reflect.NativeMethodAccessorImpl.invoke0(Native Method)
at java.base/jdk.internal.reflect.NativeMethodAccessorImpl.invoke(NativeMethodAccessorImpl.java:77)
at java.base/jdk.internal.reflect.DelegatingMethodAccessorImpl.invoke(DelegatingMethodAccessorImpl.java:43)
at java.base/java.lang.reflect.Method.invoke(Method.java:569)
at org.testng.internal.invokers.MethodInvocationHelper.invokeMethod(MethodInvocationHelper.java:141)
at org.testng.internal.invokers.TestInvoker.invokeMethod(TestInvoker.java:686)
at org.testng.internal.invokers.TestInvoker.invokeTestMethod(TestInvoker.java:230)
at org.testng.internal.invokers.MethodRunner.runInSequence(MethodRunner.java:63)
at org.testng.internal.invokers.TestInvoker$MethodInvocationAgent.invoke(TestInvoker.java:992)
at org.testng.internal.invokers.TestInvoker.invokeTestMethods(TestInvoker.java:203)
at org.testng.internal.invokers.TestMethodWorker.invokeTestMethods(TestMethodWorker.java:154)
at org.testng.internal.invokers.TestMethodWorker.run(TestMethodWorker.java:134)
at java.base/java.util.ArrayList.forEach(ArrayList.java:1511)
at org.testng.TestRunner.privateRun(TestRunner.java:739)
at org.testng.TestRunner.run(TestRunner.java:614)
at org.testng.SuiteRunner.runTest(SuiteRunner.java:421)
at org.testng.SuiteRunner.runSequentially(SuiteRunner.java:413)
at org.testng.SuiteRunner.privateRun(SuiteRunner.java:373)
at org.testng.SuiteRunner.run(SuiteRunner.java:312)
at org.testng.SuiteRunnerWorker.runSuite(SuiteRunnerWorker.java:52)
at org.testng.SuiteRunnerWorker.run(SuiteRunnerWorker.java:95)
at org.testng.TestNG.runSuitesSequentially(TestNG.java:1274)
at org.testng.TestNG.runSuitesLocally(TestNG.java:1208)
at org.testng.TestNG.runSuites(TestNG.java:1112)
at org.testng.TestNG.run(TestNG.java:1079)
at org.testng.remote.AbstractRemoteTestNG.run(AbstractRemoteTestNG.java:115)
at org.testng.remote.RemoteTestNG.initAndRun(RemoteTestNG.java:293)
at org.testng.remote.RemoteTestNG.main(RemoteTestNG.java:91)
]]>
            </full-stacktrace>
          </exception> <!-- java.lang.AssertionError -->
          <reporter-output>
          </reporter-output>
        </test-method> <!-- verify_registration -->
        <test-method is-config="true" signature="tearDown()[pri:0, instance:testSet.RegistrationTest7@67304a40]" started-at="2025-12-21T13:08:19 IST" name="tearDown" finished-at="2025-12-21T13:08:19 IST" duration-ms="103" status="PASS">
          <reporter-output>
          </reporter-output>
        </test-method> <!-- tearDown -->
      </class> <!-- testSet.RegistrationTest7 -->
      <class name="testSet.LoginTest7">
        <test-method is-config="true" signature="setup()[pri:0, instance:testSet.LoginTest7@5d9b7a8a]" started-at="2025-12-21T13:08:19 IST" name="setup" finished-at="2025-12-21T13:08:21 IST" duration-ms="1613" status="PASS">
          <reporter-output>
          </reporter-output>
        </test-method> <!-- setup -->
        <test-method signature="verifyLogin()[pri:0, instance:testSet.LoginTest7@5d9b7a8a]" started-at="2025-12-21T13:08:21 IST" name="verifyLogin" finished-at="2025-12-21T13:08:23 IST" duration-ms="1995" status="PASS">
          <reporter-output>
          </reporter-output>
        </test-method> <!-- verifyLogin -->
        <test-method is-config="true" signature="tearDown()[pri:0, instance:testSet.LoginTest7@5d9b7a8a]" started-at="2025-12-21T13:08:23 IST" name="tearDown" finished-at="2025-12-21T13:08:23 IST" duration-ms="89" status="PASS">
          <reporter-output>
          </reporter-output>
        </test-method> <!-- tearDown -->
      </class> <!-- testSet.LoginTest7 -->
    </test> <!-- Regression Suite -->
  </suite> <!-- Data Driven Test -->
</testng-results>
