<?xml version="1.0" encoding="UTF-8"?>
<testng-results ignored="0" total="1" passed="1" failed="0" skipped="0">
  <reporter-output>
  </reporter-output>
  <suite started-at="2025-12-17T16:39:38 IST" name="Default suite" finished-at="2025-12-17T16:39:42 IST" duration-ms="3604">
    <groups>
    </groups>
    <test started-at="2025-12-17T16:39:38 IST" name="Default test" finished-at="2025-12-17T16:39:42 IST" duration-ms="3604">
      <class name="testSet.RegistrationTest3">
        <test-method is-config="true" signature="setup()[pri:0, instance:testSet.RegistrationTest3@22ffa91a]" started-at="2025-12-17T16:39:38 IST" name="setup" finished-at="2025-12-17T16:39:40 IST" duration-ms="1731" status="PASS">
          <reporter-output>
          </reporter-output>
        </test-method> <!-- setup -->
        <test-method signature="verify_registration()[pri:0, instance:testSet.RegistrationTest3@22ffa91a]" started-at="2025-12-17T16:39:40 IST" name="verify_registration" finished-at="2025-12-17T16:39:42 IST" duration-ms="1766" status="PASS">
          <reporter-output>
          </reporter-output>
        </test-method> <!-- verify_registration -->
        <test-method is-config="true" signature="tearDown()[pri:0, instance:testSet.RegistrationTest3@22ffa91a]" started-at="2025-12-17T16:39:42 IST" name="tearDown" finished-at="2025-12-17T16:39:42 IST" duration-ms="78" status="PASS">
          <reporter-output>
          </reporter-output>
        </test-method> <!-- tearDown -->
      </class> <!-- testSet.RegistrationTest3 -->
    </test> <!-- Default test -->
  </suite> <!-- Default suite -->
</testng-results>
